<?xml version="1.0" encoding="UTF-8"?>
<!-- Generated by org.testng.reporters.JUnitReportReporter -->
<testsuite skipped="0" hostname="AnchalT" name="com.xcart.mobile.AppTest" tests="1" failures="0" timestamp="29 Nov 2021 14:53:36 GMT" time="0.000" errors="0">
  <testcase name="shouldAnswerWithTrue" time="0.000" classname="com.xcart.mobile.AppTest"/>
</testsuite> <!-- com.xcart.mobile.AppTest -->
